<?xml version="1.0" encoding="UTF-8"?>
<testng-results ignored="0" total="1" passed="1" failed="0" skipped="0">
  <reporter-output>
    <line>
      <![CDATA[M1 Runnning]]>
    </line>
  </reporter-output>
  <suite started-at="2023-01-06T15:57:18 IST" name="Default suite" finished-at="2023-01-06T15:57:18 IST" duration-ms="66">
    <groups>
    </groups>
    <test started-at="2023-01-06T15:57:18 IST" name="Default test" finished-at="2023-01-06T15:57:18 IST" duration-ms="66">
      <class name="Demo.Demo2">
        <test-method signature="m1()[pri:0, instance:Demo.Demo2@101952da]" started-at="2023-01-06T15:57:18 IST" name="m1" finished-at="2023-01-06T15:57:18 IST" duration-ms="9" status="PASS">
          <reporter-output>
            <line>
              <![CDATA[M1 Runnning]]>
            </line>
          </reporter-output>
        </test-method> <!-- m1 -->
      </class> <!-- Demo.Demo2 -->
    </test> <!-- Default test -->
  </suite> <!-- Default suite -->
</testng-results>
